0 info it worked if it ends with ok
1 verbose cli [ '/home/70487960149/desenvolvimento/ide/node/node-v6.9.4-linux-x64/bin/node',
1 verbose cli   '/home/70487960149/desenvolvimento/ide/node/node-v6.9.4-linux-x64/bin/npm',
1 verbose cli   'run',
1 verbose cli   'publicar' ]
2 info using npm@3.10.10
3 info using node@v6.9.4
4 verbose run-script [ 'prepublicar', 'publicar', 'postpublicar' ]
5 info lifecycle @~prepublicar: @
6 silly lifecycle @~prepublicar: no script for prepublicar, continuing
7 info lifecycle @~publicar: @
8 verbose lifecycle @~publicar: unsafe-perm in lifecycle true
9 verbose lifecycle @~publicar: PATH: /home/70487960149/desenvolvimento/ide/node/node-v6.9.4-linux-x64/lib/node_modules/npm/bin/node-gyp-bin:/home/70487960149/desenvolvimento/repositorios/combinados.github.io/node_modules/.bin:/home/70487960149/desenvolvimento/ide/node/node-v6.9.4-linux-x64/bin:/home/70487960149/bin:/home/70487960149/.local/bin:/usr/local/sbin:/usr/local/bin:/usr/sbin:/usr/bin:/sbin:/bin:/usr/games:/usr/local/games:/snap/bin
10 verbose lifecycle @~publicar: CWD: /home/70487960149/desenvolvimento/repositorios/combinados.github.io
11 silly lifecycle @~publicar: Args: [ '-c', 'npm-run-all empacotar-producao documentar' ]
12 silly lifecycle @~publicar: Returned: code: 1  signal: null
13 info lifecycle @~publicar: Failed to exec publicar script
14 verbose stack Error: @ publicar: `npm-run-all empacotar-producao documentar`
14 verbose stack Exit status 1
14 verbose stack     at EventEmitter.<anonymous> (/home/70487960149/desenvolvimento/ide/node/node-v6.9.4-linux-x64/lib/node_modules/npm/lib/utils/lifecycle.js:255:16)
14 verbose stack     at emitTwo (events.js:106:13)
14 verbose stack     at EventEmitter.emit (events.js:191:7)
14 verbose stack     at ChildProcess.<anonymous> (/home/70487960149/desenvolvimento/ide/node/node-v6.9.4-linux-x64/lib/node_modules/npm/lib/utils/spawn.js:40:14)
14 verbose stack     at emitTwo (events.js:106:13)
14 verbose stack     at ChildProcess.emit (events.js:191:7)
14 verbose stack     at maybeClose (internal/child_process.js:877:16)
14 verbose stack     at Process.ChildProcess._handle.onexit (internal/child_process.js:226:5)
15 verbose pkgid @
16 verbose cwd /home/70487960149/desenvolvimento/repositorios/combinados.github.io
17 error Linux 4.4.0-47-generic
18 error argv "/home/70487960149/desenvolvimento/ide/node/node-v6.9.4-linux-x64/bin/node" "/home/70487960149/desenvolvimento/ide/node/node-v6.9.4-linux-x64/bin/npm" "run" "publicar"
19 error node v6.9.4
20 error npm  v3.10.10
21 error code ELIFECYCLE
22 error @ publicar: `npm-run-all empacotar-producao documentar`
22 error Exit status 1
23 error Failed at the @ publicar script 'npm-run-all empacotar-producao documentar'.
23 error Make sure you have the latest version of node.js and npm installed.
23 error If you do, this is most likely a problem with the  package,
23 error not with npm itself.
23 error Tell the author that this fails on your system:
23 error     npm-run-all empacotar-producao documentar
23 error You can get information on how to open an issue for this project with:
23 error     npm bugs
23 error Or if that isn't available, you can get their info via:
23 error     npm owner ls
23 error There is likely additional logging output above.
24 verbose exit [ 1, true ]
